[ 2017-12-05T09:59:44+08:00 ] ::1 /index.php/Home/LoginHome/login
INFO: [ app_init ] --START--
INFO: Run Behavior\BuildLiteBehavior [ RunTime:0.000056s ]
INFO: [ app_init ] --END-- [ RunTime:0.008089s ]
INFO: [ app_begin ] --START--
INFO: Run Behavior\ReadHtmlCacheBehavior [ RunTime:0.009471s ]
INFO: [ app_begin ] --END-- [ RunTime:0.009547s ]
INFO: [ view_parse ] --START--
INFO: [ template_filter ] --START--
INFO: Run Behavior\ContentReplaceBehavior [ RunTime:0.000217s ]
INFO: [ template_filter ] --END-- [ RunTime:0.000270s ]
INFO: Run Behavior\ParseTemplateBehavior [ RunTime:0.125421s ]
INFO: [ view_parse ] --END-- [ RunTime:0.125482s ]
INFO: [ view_filter ] --START--
INFO: Run Behavior\WriteHtmlCacheBehavior [ RunTime:0.006065s ]
INFO: [ view_filter ] --END-- [ RunTime:0.006119s ]
INFO: [ app_end ] --START--
INFO: Run Behavior\ShowPageTraceBehavior [ RunTime:0.051111s ]
INFO: [ app_end ] --END-- [ RunTime:0.051204s ]

[ 2017-12-05T09:59:48+08:00 ] ::1 /index.php/Home/LoginHome/photographHome
INFO: [ app_init ] --START--
INFO: Run Behavior\BuildLiteBehavior [ RunTime:0.000024s ]
INFO: [ app_init ] --END-- [ RunTime:0.000814s ]
INFO: [ app_begin ] --START--
INFO: Run Behavior\ReadHtmlCacheBehavior [ RunTime:0.001118s ]
INFO: [ app_begin ] --END-- [ RunTime:0.001194s ]
SQL: SHOW COLUMNS FROM `think_login_home` [ RunTime:0.0265s ]
SQL: SELECT * FROM `think_login_home` WHERE `username` = 'Laura2' LIMIT 1   [ RunTime:0.0005s ]
INFO: [ view_parse ] --START--
INFO: [ template_filter ] --START--
INFO: Run Behavior\ContentReplaceBehavior [ RunTime:0.000252s ]
INFO: [ template_filter ] --END-- [ RunTime:0.000326s ]
NOTIC: [8] Undefined variable: photoTitle0 D:\MyServer\Apache24\www\Runtime\Cache\Home\086d274823933487c0952749becb8f2e.php 第 104 行.
INFO: Run Behavior\ParseTemplateBehavior [ RunTime:0.036678s ]
INFO: [ view_parse ] --END-- [ RunTime:0.036737s ]
INFO: [ view_filter ] --START--
INFO: Run Behavior\WriteHtmlCacheBehavior [ RunTime:0.000691s ]
INFO: [ view_filter ] --END-- [ RunTime:0.000750s ]
INFO: [ app_end ] --START--
INFO: Run Behavior\ShowPageTraceBehavior [ RunTime:0.001212s ]
INFO: [ app_end ] --END-- [ RunTime:0.001291s ]

[ 2017-12-05T09:59:50+08:00 ] ::1 /index.php/Home/LoginHome/userHome
INFO: [ app_init ] --START--
INFO: Run Behavior\BuildLiteBehavior [ RunTime:0.000015s ]
INFO: [ app_init ] --END-- [ RunTime:0.000460s ]
INFO: [ app_begin ] --START--
INFO: Run Behavior\ReadHtmlCacheBehavior [ RunTime:0.000594s ]
INFO: [ app_begin ] --END-- [ RunTime:0.000638s ]
SQL: SHOW COLUMNS FROM `think_login_home` [ RunTime:0.0101s ]
SQL: SELECT * FROM `think_login_home` WHERE `username` = 'Laura2' LIMIT 1   [ RunTime:0.0004s ]
INFO: [ view_parse ] --START--
INFO: [ template_filter ] --START--
INFO: Run Behavior\ContentReplaceBehavior [ RunTime:0.000313s ]
INFO: [ template_filter ] --END-- [ RunTime:0.000365s ]
INFO: Run Behavior\ParseTemplateBehavior [ RunTime:0.140942s ]
INFO: [ view_parse ] --END-- [ RunTime:0.141037s ]
INFO: [ view_filter ] --START--
INFO: Run Behavior\WriteHtmlCacheBehavior [ RunTime:0.000665s ]
INFO: [ view_filter ] --END-- [ RunTime:0.000730s ]
INFO: [ app_end ] --START--
INFO: Run Behavior\ShowPageTraceBehavior [ RunTime:0.001403s ]
INFO: [ app_end ] --END-- [ RunTime:0.001488s ]

[ 2017-12-05T09:59:53+08:00 ] ::1 /index.php/Home/LoginHome/photographHome2
INFO: [ app_init ] --START--
INFO: Run Behavior\BuildLiteBehavior [ RunTime:0.000012s ]
INFO: [ app_init ] --END-- [ RunTime:0.000429s ]
INFO: [ app_begin ] --START--
INFO: Run Behavior\ReadHtmlCacheBehavior [ RunTime:0.000598s ]
INFO: [ app_begin ] --END-- [ RunTime:0.000640s ]
SQL: SHOW COLUMNS FROM `think_user_photo` [ RunTime:0.0066s ]
INFO: [ view_parse ] --START--
INFO: [ template_filter ] --START--
INFO: Run Behavior\ContentReplaceBehavior [ RunTime:0.000260s ]
INFO: [ template_filter ] --END-- [ RunTime:0.000340s ]
NOTIC: [8] Undefined variable: username D:\MyServer\Apache24\www\Runtime\Cache\Home\66a85b9c43641ce1e8a7c20c65390ed7.php 第 56 行.
INFO: Run Behavior\ParseTemplateBehavior [ RunTime:0.030589s ]
INFO: [ view_parse ] --END-- [ RunTime:0.030644s ]
INFO: [ view_filter ] --START--
INFO: Run Behavior\WriteHtmlCacheBehavior [ RunTime:0.000329s ]
INFO: [ view_filter ] --END-- [ RunTime:0.000365s ]
INFO: [ app_end ] --START--
INFO: Run Behavior\ShowPageTraceBehavior [ RunTime:0.000713s ]
INFO: [ app_end ] --END-- [ RunTime:0.000772s ]

[ 2017-12-05T10:00:28+08:00 ] ::1 /index.php/Home/LoginHome/photographHome2
INFO: [ app_init ] --START--
INFO: Run Behavior\BuildLiteBehavior [ RunTime:0.000015s ]
INFO: [ app_init ] --END-- [ RunTime:0.000468s ]
INFO: [ app_begin ] --START--
INFO: Run Behavior\ReadHtmlCacheBehavior [ RunTime:0.000581s ]
INFO: [ app_begin ] --END-- [ RunTime:0.000624s ]
SQL: SHOW COLUMNS FROM `think_user_photo` [ RunTime:0.0315s ]
ERR: Call to undefined function Home\Controller\alert()

[ 2017-12-05T10:01:27+08:00 ] ::1 /index.php/Home/LoginHome/photographHome2
INFO: [ app_init ] --START--
INFO: Run Behavior\BuildLiteBehavior [ RunTime:0.000013s ]
INFO: [ app_init ] --END-- [ RunTime:0.000519s ]
INFO: [ app_begin ] --START--
INFO: Run Behavior\ReadHtmlCacheBehavior [ RunTime:0.000752s ]
INFO: [ app_begin ] --END-- [ RunTime:0.000805s ]
SQL: SHOW COLUMNS FROM `think_user_photo` [ RunTime:0.0786s ]
NOTIC: [4096] Object of class Think\Model could not be converted to string D:\MyServer\Apache24\www\Apps\Home\Controller\LoginHomeController.class.php 第 50 行.
INFO: [ view_parse ] --START--
INFO: [ template_filter ] --START--
INFO: Run Behavior\ContentReplaceBehavior [ RunTime:0.000305s ]
INFO: [ template_filter ] --END-- [ RunTime:0.000384s ]
NOTIC: [8] Undefined variable: username D:\MyServer\Apache24\www\Runtime\Cache\Home\66a85b9c43641ce1e8a7c20c65390ed7.php 第 56 行.
INFO: Run Behavior\ParseTemplateBehavior [ RunTime:0.019616s ]
INFO: [ view_parse ] --END-- [ RunTime:0.019687s ]
INFO: [ view_filter ] --START--
INFO: Run Behavior\WriteHtmlCacheBehavior [ RunTime:0.000836s ]
INFO: [ view_filter ] --END-- [ RunTime:0.000912s ]
INFO: [ app_end ] --START--
INFO: Run Behavior\ShowPageTraceBehavior [ RunTime:0.001581s ]
INFO: [ app_end ] --END-- [ RunTime:0.001717s ]

[ 2017-12-05T10:01:31+08:00 ] ::1 /index.php/Home/LoginHome/photographHome2
INFO: [ app_init ] --START--
INFO: Run Behavior\BuildLiteBehavior [ RunTime:0.000012s ]
INFO: [ app_init ] --END-- [ RunTime:0.000443s ]
INFO: [ app_begin ] --START--
INFO: Run Behavior\ReadHtmlCacheBehavior [ RunTime:0.000590s ]
INFO: [ app_begin ] --END-- [ RunTime:0.000645s ]
SQL: SHOW COLUMNS FROM `think_user_photo` [ RunTime:0.0319s ]
NOTIC: [4096] Object of class Think\Model could not be converted to string D:\MyServer\Apache24\www\Apps\Home\Controller\LoginHomeController.class.php 第 50 行.
INFO: [ view_parse ] --START--
INFO: [ template_filter ] --START--
INFO: Run Behavior\ContentReplaceBehavior [ RunTime:0.000199s ]
INFO: [ template_filter ] --END-- [ RunTime:0.000252s ]
NOTIC: [8] Undefined variable: username D:\MyServer\Apache24\www\Runtime\Cache\Home\66a85b9c43641ce1e8a7c20c65390ed7.php 第 56 行.
INFO: Run Behavior\ParseTemplateBehavior [ RunTime:0.011425s ]
INFO: [ view_parse ] --END-- [ RunTime:0.011492s ]
INFO: [ view_filter ] --START--
INFO: Run Behavior\WriteHtmlCacheBehavior [ RunTime:0.000413s ]
INFO: [ view_filter ] --END-- [ RunTime:0.000453s ]
INFO: [ app_end ] --START--
INFO: Run Behavior\ShowPageTraceBehavior [ RunTime:0.000946s ]
INFO: [ app_end ] --END-- [ RunTime:0.001007s ]

[ 2017-12-05T10:01:44+08:00 ] ::1 /index.php/Home/LoginHome/photographHome2
INFO: [ app_init ] --START--
INFO: Run Behavior\BuildLiteBehavior [ RunTime:0.000013s ]
INFO: [ app_init ] --END-- [ RunTime:0.000474s ]
INFO: [ app_begin ] --START--
INFO: Run Behavior\ReadHtmlCacheBehavior [ RunTime:0.000613s ]
INFO: [ app_begin ] --END-- [ RunTime:0.000656s ]
SQL: SHOW COLUMNS FROM `think_user_photo` [ RunTime:0.0067s ]
NOTIC: [4096] Object of class Think\Model could not be converted to string D:\MyServer\Apache24\www\Apps\Home\Controller\LoginHomeController.class.php 第 50 行.
INFO: [ view_parse ] --START--
INFO: [ template_filter ] --START--
INFO: Run Behavior\ContentReplaceBehavior [ RunTime:0.000272s ]
INFO: [ template_filter ] --END-- [ RunTime:0.000356s ]
NOTIC: [8] Undefined variable: username D:\MyServer\Apache24\www\Runtime\Cache\Home\66a85b9c43641ce1e8a7c20c65390ed7.php 第 56 行.
INFO: Run Behavior\ParseTemplateBehavior [ RunTime:0.012414s ]
INFO: [ view_parse ] --END-- [ RunTime:0.012458s ]
INFO: [ view_filter ] --START--
INFO: Run Behavior\WriteHtmlCacheBehavior [ RunTime:0.000388s ]
INFO: [ view_filter ] --END-- [ RunTime:0.000427s ]
INFO: [ app_end ] --START--
INFO: Run Behavior\ShowPageTraceBehavior [ RunTime:0.001077s ]
INFO: [ app_end ] --END-- [ RunTime:0.001161s ]

[ 2017-12-05T10:01:56+08:00 ] ::1 /index.php/Home/LoginHome/photographHome2
INFO: [ app_init ] --START--
INFO: Run Behavior\BuildLiteBehavior [ RunTime:0.000028s ]
INFO: [ app_init ] --END-- [ RunTime:0.005886s ]
INFO: [ app_begin ] --START--
INFO: Run Behavior\ReadHtmlCacheBehavior [ RunTime:0.001185s ]
INFO: [ app_begin ] --END-- [ RunTime:0.001269s ]
SQL: SHOW COLUMNS FROM `think_user_photo` [ RunTime:0.0318s ]
NOTIC: [4096] Object of class Think\Model could not be converted to string D:\MyServer\Apache24\www\Apps\Home\Controller\LoginHomeController.class.php 第 51 行.
INFO: [ view_parse ] --START--
INFO: [ template_filter ] --START--
INFO: Run Behavior\ContentReplaceBehavior [ RunTime:0.000277s ]
INFO: [ template_filter ] --END-- [ RunTime:0.000362s ]
NOTIC: [8] Undefined variable: username D:\MyServer\Apache24\www\Runtime\Cache\Home\66a85b9c43641ce1e8a7c20c65390ed7.php 第 56 行.
INFO: Run Behavior\ParseTemplateBehavior [ RunTime:0.022264s ]
INFO: [ view_parse ] --END-- [ RunTime:0.022338s ]
INFO: [ view_filter ] --START--
INFO: Run Behavior\WriteHtmlCacheBehavior [ RunTime:0.000875s ]
INFO: [ view_filter ] --END-- [ RunTime:0.000946s ]
INFO: [ app_end ] --START--
INFO: Run Behavior\ShowPageTraceBehavior [ RunTime:0.001666s ]
INFO: [ app_end ] --END-- [ RunTime:0.001760s ]

[ 2017-12-05T10:03:26+08:00 ] ::1 /index.php/Home/LoginHome/photographHome2
INFO: [ app_init ] --START--
INFO: Run Behavior\BuildLiteBehavior [ RunTime:0.000013s ]
INFO: [ app_init ] --END-- [ RunTime:0.000469s ]
INFO: [ app_begin ] --START--
INFO: Run Behavior\ReadHtmlCacheBehavior [ RunTime:0.000752s ]
INFO: [ app_begin ] --END-- [ RunTime:0.000807s ]
SQL: SHOW COLUMNS FROM `think_user_photo` [ RunTime:0.0071s ]
SQL: SELECT MAX(shareSum) AS tp_max FROM `think_user_photo` ORDER BY `shareSum` LIMIT 1   [ RunTime:0.0510s ]
NOTIC: [4096] Object of class Think\Model could not be converted to string D:\MyServer\Apache24\www\Apps\Home\Controller\LoginHomeController.class.php 第 51 行.
INFO: [ view_parse ] --START--
INFO: [ template_filter ] --START--
INFO: Run Behavior\ContentReplaceBehavior [ RunTime:0.000243s ]
INFO: [ template_filter ] --END-- [ RunTime:0.000311s ]
NOTIC: [8] Undefined variable: username D:\MyServer\Apache24\www\Runtime\Cache\Home\66a85b9c43641ce1e8a7c20c65390ed7.php 第 56 行.
INFO: Run Behavior\ParseTemplateBehavior [ RunTime:0.016311s ]
INFO: [ view_parse ] --END-- [ RunTime:0.016355s ]
INFO: [ view_filter ] --START--
INFO: Run Behavior\WriteHtmlCacheBehavior [ RunTime:0.000369s ]
INFO: [ view_filter ] --END-- [ RunTime:0.000416s ]
INFO: [ app_end ] --START--
INFO: Run Behavior\ShowPageTraceBehavior [ RunTime:0.001211s ]
INFO: [ app_end ] --END-- [ RunTime:0.001301s ]

[ 2017-12-05T10:08:11+08:00 ] ::1 /index.php/Home/LoginHome/photographHome2
INFO: [ app_init ] --START--
INFO: Run Behavior\BuildLiteBehavior [ RunTime:0.000016s ]
INFO: [ app_init ] --END-- [ RunTime:0.000693s ]
INFO: [ app_begin ] --START--
INFO: Run Behavior\ReadHtmlCacheBehavior [ RunTime:0.000954s ]
INFO: [ app_begin ] --END-- [ RunTime:0.001020s ]
SQL: SHOW COLUMNS FROM `think_user_photo` [ RunTime:0.0204s ]
SQL: SELECT MAX(shareSum) AS tp_max FROM `think_user_photo` ORDER BY `shareSum` LIMIT 1   [ RunTime:0.0007s ]
INFO: [ view_parse ] --START--
INFO: [ template_filter ] --START--
INFO: Run Behavior\ContentReplaceBehavior [ RunTime:0.000198s ]
INFO: [ template_filter ] --END-- [ RunTime:0.000253s ]
NOTIC: [8] Undefined variable: username D:\MyServer\Apache24\www\Runtime\Cache\Home\66a85b9c43641ce1e8a7c20c65390ed7.php 第 56 行.
INFO: Run Behavior\ParseTemplateBehavior [ RunTime:0.013307s ]
INFO: [ view_parse ] --END-- [ RunTime:0.013355s ]
INFO: [ view_filter ] --START--
INFO: Run Behavior\WriteHtmlCacheBehavior [ RunTime:0.000463s ]
INFO: [ view_filter ] --END-- [ RunTime:0.000502s ]
INFO: [ app_end ] --START--
INFO: Run Behavior\ShowPageTraceBehavior [ RunTime:0.001324s ]
INFO: [ app_end ] --END-- [ RunTime:0.001424s ]

[ 2017-12-05T10:08:12+08:00 ] ::1 /index.php/Home/LoginHome/photographHome2
INFO: [ app_init ] --START--
INFO: Run Behavior\BuildLiteBehavior [ RunTime:0.000018s ]
INFO: [ app_init ] --END-- [ RunTime:0.000774s ]
INFO: [ app_begin ] --START--
INFO: Run Behavior\ReadHtmlCacheBehavior [ RunTime:0.000944s ]
INFO: [ app_begin ] --END-- [ RunTime:0.001020s ]
SQL: SHOW COLUMNS FROM `think_user_photo` [ RunTime:0.0070s ]
SQL: SELECT MAX(shareSum) AS tp_max FROM `think_user_photo` ORDER BY `shareSum` LIMIT 1   [ RunTime:0.0004s ]
INFO: [ view_parse ] --START--
INFO: [ template_filter ] --START--
INFO: Run Behavior\ContentReplaceBehavior [ RunTime:0.000312s ]
INFO: [ template_filter ] --END-- [ RunTime:0.000441s ]
NOTIC: [8] Undefined variable: username D:\MyServer\Apache24\www\Runtime\Cache\Home\66a85b9c43641ce1e8a7c20c65390ed7.php 第 56 行.
INFO: Run Behavior\ParseTemplateBehavior [ RunTime:0.013472s ]
INFO: [ view_parse ] --END-- [ RunTime:0.013519s ]
INFO: [ view_filter ] --START--
INFO: Run Behavior\WriteHtmlCacheBehavior [ RunTime:0.000386s ]
INFO: [ view_filter ] --END-- [ RunTime:0.000430s ]
INFO: [ app_end ] --START--
INFO: Run Behavior\ShowPageTraceBehavior [ RunTime:0.000827s ]
INFO: [ app_end ] --END-- [ RunTime:0.000878s ]

[ 2017-12-05T10:08:17+08:00 ] ::1 /index.php/Home/LoginHome/photographHome2
INFO: [ app_init ] --START--
INFO: Run Behavior\BuildLiteBehavior [ RunTime:0.000012s ]
INFO: [ app_init ] --END-- [ RunTime:0.000468s ]
INFO: [ app_begin ] --START--
INFO: Run Behavior\ReadHtmlCacheBehavior [ RunTime:0.000637s ]
INFO: [ app_begin ] --END-- [ RunTime:0.000688s ]
SQL: SHOW COLUMNS FROM `think_user_photo` [ RunTime:0.0752s ]
SQL: SELECT MAX(shareSum) AS tp_max FROM `think_user_photo` ORDER BY `shareSum` LIMIT 1   [ RunTime:0.0004s ]
INFO: [ view_parse ] --START--
INFO: [ template_filter ] --START--
INFO: Run Behavior\ContentReplaceBehavior [ RunTime:0.000283s ]
INFO: [ template_filter ] --END-- [ RunTime:0.000355s ]
NOTIC: [8] Undefined variable: username D:\MyServer\Apache24\www\Runtime\Cache\Home\66a85b9c43641ce1e8a7c20c65390ed7.php 第 56 行.
INFO: Run Behavior\ParseTemplateBehavior [ RunTime:0.013376s ]
INFO: [ view_parse ] --END-- [ RunTime:0.013422s ]
INFO: [ view_filter ] --START--
INFO: Run Behavior\WriteHtmlCacheBehavior [ RunTime:0.000343s ]
INFO: [ view_filter ] --END-- [ RunTime:0.000391s ]
INFO: [ app_end ] --START--
INFO: Run Behavior\ShowPageTraceBehavior [ RunTime:0.001051s ]
INFO: [ app_end ] --END-- [ RunTime:0.001119s ]

[ 2017-12-05T10:09:30+08:00 ] ::1 /index.php/Home/LoginHome/photographHome2
INFO: [ app_init ] --START--
INFO: Run Behavior\BuildLiteBehavior [ RunTime:0.000015s ]
INFO: [ app_init ] --END-- [ RunTime:0.000531s ]
INFO: [ app_begin ] --START--
INFO: Run Behavior\ReadHtmlCacheBehavior [ RunTime:0.002533s ]
INFO: [ app_begin ] --END-- [ RunTime:0.002678s ]
SQL: SHOW COLUMNS FROM `think_user_photo` [ RunTime:0.0235s ]
INFO: [ view_parse ] --START--
INFO: [ template_filter ] --START--
INFO: Run Behavior\ContentReplaceBehavior [ RunTime:0.000198s ]
INFO: [ template_filter ] --END-- [ RunTime:0.000252s ]
NOTIC: [8] Undefined variable: username D:\MyServer\Apache24\www\Runtime\Cache\Home\66a85b9c43641ce1e8a7c20c65390ed7.php 第 56 行.
INFO: Run Behavior\ParseTemplateBehavior [ RunTime:0.014712s ]
INFO: [ view_parse ] --END-- [ RunTime:0.014770s ]
INFO: [ view_filter ] --START--
INFO: Run Behavior\WriteHtmlCacheBehavior [ RunTime:0.000475s ]
INFO: [ view_filter ] --END-- [ RunTime:0.000513s ]
INFO: [ app_end ] --START--
INFO: Run Behavior\ShowPageTraceBehavior [ RunTime:0.001070s ]
INFO: [ app_end ] --END-- [ RunTime:0.001164s ]

[ 2017-12-05T10:09:33+08:00 ] ::1 /index.php/Home/LoginHome/photographHome2
INFO: [ app_init ] --START--
INFO: Run Behavior\BuildLiteBehavior [ RunTime:0.000019s ]
INFO: [ app_init ] --END-- [ RunTime:0.000859s ]
INFO: [ app_begin ] --START--
INFO: Run Behavior\ReadHtmlCacheBehavior [ RunTime:0.001007s ]
INFO: [ app_begin ] --END-- [ RunTime:0.001095s ]
SQL: SHOW COLUMNS FROM `think_user_photo` [ RunTime:0.0030s ]
INFO: [ view_parse ] --START--
INFO: [ template_filter ] --START--
INFO: Run Behavior\ContentReplaceBehavior [ RunTime:0.000213s ]
INFO: [ template_filter ] --END-- [ RunTime:0.000263s ]
NOTIC: [8] Undefined variable: username D:\MyServer\Apache24\www\Runtime\Cache\Home\66a85b9c43641ce1e8a7c20c65390ed7.php 第 56 行.
INFO: Run Behavior\ParseTemplateBehavior [ RunTime:0.012695s ]
INFO: [ view_parse ] --END-- [ RunTime:0.012751s ]
INFO: [ view_filter ] --START--
INFO: Run Behavior\WriteHtmlCacheBehavior [ RunTime:0.000766s ]
INFO: [ view_filter ] --END-- [ RunTime:0.000811s ]
INFO: [ app_end ] --START--
INFO: Run Behavior\ShowPageTraceBehavior [ RunTime:0.001094s ]
INFO: [ app_end ] --END-- [ RunTime:0.001167s ]

[ 2017-12-05T10:10:48+08:00 ] ::1 /index.php/Home/LoginHome/photographHome2
INFO: [ app_init ] --START--
INFO: Run Behavior\BuildLiteBehavior [ RunTime:0.000013s ]
INFO: [ app_init ] --END-- [ RunTime:0.000687s ]
INFO: [ app_begin ] --START--
INFO: Run Behavior\ReadHtmlCacheBehavior [ RunTime:0.000745s ]
INFO: [ app_begin ] --END-- [ RunTime:0.000790s ]
SQL: SHOW COLUMNS FROM `think_user_photo` [ RunTime:0.0058s ]
NOTIC: [4096] Object of class Think\Model could not be converted to string D:\MyServer\Apache24\www\Apps\Home\Controller\LoginHomeController.class.php 第 49 行.
INFO: [ view_parse ] --START--
INFO: [ template_filter ] --START--
INFO: Run Behavior\ContentReplaceBehavior [ RunTime:0.000195s ]
INFO: [ template_filter ] --END-- [ RunTime:0.000246s ]
NOTIC: [8] Undefined variable: username D:\MyServer\Apache24\www\Runtime\Cache\Home\66a85b9c43641ce1e8a7c20c65390ed7.php 第 56 行.
INFO: Run Behavior\ParseTemplateBehavior [ RunTime:0.014504s ]
INFO: [ view_parse ] --END-- [ RunTime:0.014553s ]
INFO: [ view_filter ] --START--
INFO: Run Behavior\WriteHtmlCacheBehavior [ RunTime:0.000513s ]
INFO: [ view_filter ] --END-- [ RunTime:0.000553s ]
INFO: [ app_end ] --START--
INFO: Run Behavior\ShowPageTraceBehavior [ RunTime:0.001017s ]
INFO: [ app_end ] --END-- [ RunTime:0.001098s ]

[ 2017-12-05T10:11:15+08:00 ] ::1 /index.php/Home/LoginHome/photographHome2
INFO: [ app_init ] --START--
INFO: Run Behavior\BuildLiteBehavior [ RunTime:0.000020s ]
INFO: [ app_init ] --END-- [ RunTime:0.000791s ]
INFO: [ app_begin ] --START--
INFO: Run Behavior\ReadHtmlCacheBehavior [ RunTime:0.001092s ]
INFO: [ app_begin ] --END-- [ RunTime:0.001165s ]
SQL: SHOW COLUMNS FROM `think_user_photo` [ RunTime:0.0101s ]
INFO: [ view_parse ] --START--
INFO: [ template_filter ] --START--
INFO: Run Behavior\ContentReplaceBehavior [ RunTime:0.000202s ]
INFO: [ template_filter ] --END-- [ RunTime:0.000255s ]
NOTIC: [8] Undefined variable: username D:\MyServer\Apache24\www\Runtime\Cache\Home\66a85b9c43641ce1e8a7c20c65390ed7.php 第 56 行.
INFO: Run Behavior\ParseTemplateBehavior [ RunTime:0.012668s ]
INFO: [ view_parse ] --END-- [ RunTime:0.012720s ]
INFO: [ view_filter ] --START--
INFO: Run Behavior\WriteHtmlCacheBehavior [ RunTime:0.000488s ]
INFO: [ view_filter ] --END-- [ RunTime:0.000527s ]
INFO: [ app_end ] --START--
INFO: Run Behavior\ShowPageTraceBehavior [ RunTime:0.001161s ]
INFO: [ app_end ] --END-- [ RunTime:0.001232s ]

[ 2017-12-05T10:11:18+08:00 ] ::1 /index.php/Home/LoginHome/photographHome2
INFO: [ app_init ] --START--
INFO: Run Behavior\BuildLiteBehavior [ RunTime:0.000011s ]
INFO: [ app_init ] --END-- [ RunTime:0.000434s ]
INFO: [ app_begin ] --START--
INFO: Run Behavior\ReadHtmlCacheBehavior [ RunTime:0.000592s ]
INFO: [ app_begin ] --END-- [ RunTime:0.000635s ]
SQL: SHOW COLUMNS FROM `think_user_photo` [ RunTime:0.0066s ]
INFO: [ view_parse ] --START--
INFO: [ template_filter ] --START--
INFO: Run Behavior\ContentReplaceBehavior [ RunTime:0.000213s ]
INFO: [ template_filter ] --END-- [ RunTime:0.000267s ]
NOTIC: [8] Undefined variable: username D:\MyServer\Apache24\www\Runtime\Cache\Home\66a85b9c43641ce1e8a7c20c65390ed7.php 第 56 行.
INFO: Run Behavior\ParseTemplateBehavior [ RunTime:0.014489s ]
INFO: [ view_parse ] --END-- [ RunTime:0.014539s ]
INFO: [ view_filter ] --START--
INFO: Run Behavior\WriteHtmlCacheBehavior [ RunTime:0.000480s ]
INFO: [ view_filter ] --END-- [ RunTime:0.000523s ]
INFO: [ app_end ] --START--
INFO: Run Behavior\ShowPageTraceBehavior [ RunTime:0.001029s ]
INFO: [ app_end ] --END-- [ RunTime:0.001108s ]

[ 2017-12-05T10:12:51+08:00 ] ::1 /index.php/Home/LoginHome/photographHome2
INFO: [ app_init ] --START--
INFO: Run Behavior\BuildLiteBehavior [ RunTime:0.000013s ]
INFO: [ app_init ] --END-- [ RunTime:0.000515s ]
INFO: [ app_begin ] --START--
INFO: Run Behavior\ReadHtmlCacheBehavior [ RunTime:0.000714s ]
INFO: [ app_begin ] --END-- [ RunTime:0.000757s ]
SQL: SHOW COLUMNS FROM `think_user_photo` [ RunTime:0.0091s ]
NOTIC: [2] Illegal offset type D:\MyServer\Apache24\www\Think\Library\Think\Model.class.php 第 776 行.
INFO: [ view_parse ] --START--
INFO: [ template_filter ] --START--
INFO: Run Behavior\ContentReplaceBehavior [ RunTime:0.000198s ]
INFO: [ template_filter ] --END-- [ RunTime:0.000248s ]
NOTIC: [8] Undefined variable: username D:\MyServer\Apache24\www\Runtime\Cache\Home\66a85b9c43641ce1e8a7c20c65390ed7.php 第 56 行.
INFO: Run Behavior\ParseTemplateBehavior [ RunTime:0.014196s ]
INFO: [ view_parse ] --END-- [ RunTime:0.014241s ]
INFO: [ view_filter ] --START--
INFO: Run Behavior\WriteHtmlCacheBehavior [ RunTime:0.000438s ]
INFO: [ view_filter ] --END-- [ RunTime:0.000475s ]
INFO: [ app_end ] --START--
INFO: Run Behavior\ShowPageTraceBehavior [ RunTime:0.001234s ]
INFO: [ app_end ] --END-- [ RunTime:0.001312s ]

[ 2017-12-05T10:15:34+08:00 ] ::1 /index.php/Home/LoginHome/photographHome2
INFO: [ app_init ] --START--
INFO: Run Behavior\BuildLiteBehavior [ RunTime:0.000015s ]
INFO: [ app_init ] --END-- [ RunTime:0.000555s ]
INFO: [ app_begin ] --START--
INFO: Run Behavior\ReadHtmlCacheBehavior [ RunTime:0.001086s ]
INFO: [ app_begin ] --END-- [ RunTime:0.001145s ]
ERR: syntax error, unexpected ')'

[ 2017-12-05T10:15:59+08:00 ] ::1 /index.php/Home/LoginHome/photographHome2
INFO: [ app_init ] --START--
INFO: Run Behavior\BuildLiteBehavior [ RunTime:0.000012s ]
INFO: [ app_init ] --END-- [ RunTime:0.000461s ]
INFO: [ app_begin ] --START--
INFO: Run Behavior\ReadHtmlCacheBehavior [ RunTime:0.000795s ]
INFO: [ app_begin ] --END-- [ RunTime:0.000842s ]
SQL: SHOW COLUMNS FROM `think_user_photo` [ RunTime:0.0105s ]
NOTIC: [2] Illegal offset type D:\MyServer\Apache24\www\Think\Library\Think\Model.class.php 第 776 行.
NOTIC: [8] Use of undefined constant shareSum - assumed 'shareSum' D:\MyServer\Apache24\www\Apps\Home\Controller\LoginHomeController.class.php 第 51 行.
INFO: [ view_parse ] --START--
INFO: [ template_filter ] --START--
INFO: Run Behavior\ContentReplaceBehavior [ RunTime:0.000201s ]
INFO: [ template_filter ] --END-- [ RunTime:0.000248s ]
NOTIC: [8] Undefined variable: username D:\MyServer\Apache24\www\Runtime\Cache\Home\66a85b9c43641ce1e8a7c20c65390ed7.php 第 56 行.
INFO: Run Behavior\ParseTemplateBehavior [ RunTime:0.012144s ]
INFO: [ view_parse ] --END-- [ RunTime:0.012202s ]
INFO: [ view_filter ] --START--
INFO: Run Behavior\WriteHtmlCacheBehavior [ RunTime:0.000432s ]
INFO: [ view_filter ] --END-- [ RunTime:0.000468s ]
INFO: [ app_end ] --START--
INFO: Run Behavior\ShowPageTraceBehavior [ RunTime:0.001002s ]
INFO: [ app_end ] --END-- [ RunTime:0.001081s ]

[ 2017-12-05T10:16:26+08:00 ] ::1 /index.php/Home/LoginHome/photographHome2
INFO: [ app_init ] --START--
INFO: Run Behavior\BuildLiteBehavior [ RunTime:0.000012s ]
INFO: [ app_init ] --END-- [ RunTime:0.000435s ]
INFO: [ app_begin ] --START--
INFO: Run Behavior\ReadHtmlCacheBehavior [ RunTime:0.000583s ]
INFO: [ app_begin ] --END-- [ RunTime:0.000627s ]
SQL: SHOW COLUMNS FROM `think_user_photo` [ RunTime:0.0080s ]
NOTIC: [2] Illegal offset type D:\MyServer\Apache24\www\Think\Library\Think\Model.class.php 第 776 行.
INFO: [ view_parse ] --START--
INFO: [ template_filter ] --START--
INFO: Run Behavior\ContentReplaceBehavior [ RunTime:0.000224s ]
INFO: [ template_filter ] --END-- [ RunTime:0.000280s ]
NOTIC: [8] Undefined variable: username D:\MyServer\Apache24\www\Runtime\Cache\Home\66a85b9c43641ce1e8a7c20c65390ed7.php 第 56 行.
INFO: Run Behavior\ParseTemplateBehavior [ RunTime:0.011748s ]
INFO: [ view_parse ] --END-- [ RunTime:0.011811s ]
INFO: [ view_filter ] --START--
INFO: Run Behavior\WriteHtmlCacheBehavior [ RunTime:0.000329s ]
INFO: [ view_filter ] --END-- [ RunTime:0.000367s ]
INFO: [ app_end ] --START--
INFO: Run Behavior\ShowPageTraceBehavior [ RunTime:0.001440s ]
INFO: [ app_end ] --END-- [ RunTime:0.001540s ]

[ 2017-12-05T10:16:28+08:00 ] ::1 /index.php/Home/LoginHome/photographHome2
INFO: [ app_init ] --START--
INFO: Run Behavior\BuildLiteBehavior [ RunTime:0.000017s ]
INFO: [ app_init ] --END-- [ RunTime:0.000622s ]
INFO: [ app_begin ] --START--
INFO: Run Behavior\ReadHtmlCacheBehavior [ RunTime:0.001002s ]
INFO: [ app_begin ] --END-- [ RunTime:0.001085s ]
SQL: SHOW COLUMNS FROM `think_user_photo` [ RunTime:0.0082s ]
NOTIC: [2] Illegal offset type D:\MyServer\Apache24\www\Think\Library\Think\Model.class.php 第 776 行.
INFO: [ view_parse ] --START--
INFO: [ template_filter ] --START--
INFO: Run Behavior\ContentReplaceBehavior [ RunTime:0.000290s ]
INFO: [ template_filter ] --END-- [ RunTime:0.000370s ]
NOTIC: [8] Undefined variable: username D:\MyServer\Apache24\www\Runtime\Cache\Home\66a85b9c43641ce1e8a7c20c65390ed7.php 第 56 行.
INFO: Run Behavior\ParseTemplateBehavior [ RunTime:0.017009s ]
INFO: [ view_parse ] --END-- [ RunTime:0.017083s ]
INFO: [ view_filter ] --START--
INFO: Run Behavior\WriteHtmlCacheBehavior [ RunTime:0.000576s ]
INFO: [ view_filter ] --END-- [ RunTime:0.000642s ]
INFO: [ app_end ] --START--
INFO: Run Behavior\ShowPageTraceBehavior [ RunTime:0.001211s ]
INFO: [ app_end ] --END-- [ RunTime:0.001291s ]

[ 2017-12-05T10:18:36+08:00 ] ::1 /index.php/Home/LoginHome/photographHome2
INFO: [ app_init ] --START--
INFO: Run Behavior\BuildLiteBehavior [ RunTime:0.000014s ]
INFO: [ app_init ] --END-- [ RunTime:0.000588s ]
INFO: [ app_begin ] --START--
INFO: Run Behavior\ReadHtmlCacheBehavior [ RunTime:0.000739s ]
INFO: [ app_begin ] --END-- [ RunTime:0.000784s ]
SQL: SHOW COLUMNS FROM `think_user_photo` [ RunTime:0.0087s ]
NOTIC: [2] Illegal offset type D:\MyServer\Apache24\www\Think\Library\Think\Model.class.php 第 776 行.
INFO: [ view_parse ] --START--
INFO: [ template_filter ] --START--
INFO: Run Behavior\ContentReplaceBehavior [ RunTime:0.000295s ]
INFO: [ template_filter ] --END-- [ RunTime:0.000371s ]
NOTIC: [8] Undefined variable: username D:\MyServer\Apache24\www\Runtime\Cache\Home\66a85b9c43641ce1e8a7c20c65390ed7.php 第 56 行.
INFO: Run Behavior\ParseTemplateBehavior [ RunTime:0.017716s ]
INFO: [ view_parse ] --END-- [ RunTime:0.017784s ]
INFO: [ view_filter ] --START--
INFO: Run Behavior\WriteHtmlCacheBehavior [ RunTime:0.000446s ]
INFO: [ view_filter ] --END-- [ RunTime:0.000481s ]
INFO: [ app_end ] --START--
INFO: Run Behavior\ShowPageTraceBehavior [ RunTime:0.001199s ]
INFO: [ app_end ] --END-- [ RunTime:0.001277s ]

[ 2017-12-05T10:19:11+08:00 ] ::1 /index.php/Home/LoginHome/photographHome2
INFO: [ app_init ] --START--
INFO: Run Behavior\BuildLiteBehavior [ RunTime:0.000019s ]
INFO: [ app_init ] --END-- [ RunTime:0.000768s ]
INFO: [ app_begin ] --START--
INFO: Run Behavior\ReadHtmlCacheBehavior [ RunTime:0.001107s ]
INFO: [ app_begin ] --END-- [ RunTime:0.001179s ]
SQL: SHOW COLUMNS FROM `think_user_photo` [ RunTime:0.0078s ]
NOTIC: [2] Illegal offset type D:\MyServer\Apache24\www\Think\Library\Think\Model.class.php 第 776 行.
INFO: [ view_parse ] --START--
INFO: [ template_filter ] --START--
INFO: Run Behavior\ContentReplaceBehavior [ RunTime:0.000203s ]
INFO: [ template_filter ] --END-- [ RunTime:0.000257s ]
NOTIC: [8] Undefined variable: username D:\MyServer\Apache24\www\Runtime\Cache\Home\66a85b9c43641ce1e8a7c20c65390ed7.php 第 56 行.
INFO: Run Behavior\ParseTemplateBehavior [ RunTime:0.016990s ]
INFO: [ view_parse ] --END-- [ RunTime:0.017102s ]
INFO: [ view_filter ] --START--
INFO: Run Behavior\WriteHtmlCacheBehavior [ RunTime:0.000481s ]
INFO: [ view_filter ] --END-- [ RunTime:0.000518s ]
INFO: [ app_end ] --START--
INFO: Run Behavior\ShowPageTraceBehavior [ RunTime:0.001288s ]
INFO: [ app_end ] --END-- [ RunTime:0.001368s ]

[ 2017-12-05T10:19:14+08:00 ] ::1 /index.php/Home/LoginHome/photographHome2
INFO: [ app_init ] --START--
INFO: Run Behavior\BuildLiteBehavior [ RunTime:0.000013s ]
INFO: [ app_init ] --END-- [ RunTime:0.000464s ]
INFO: [ app_begin ] --START--
INFO: Run Behavior\ReadHtmlCacheBehavior [ RunTime:0.001004s ]
INFO: [ app_begin ] --END-- [ RunTime:0.001097s ]
SQL: SHOW COLUMNS FROM `think_user_photo` [ RunTime:0.0078s ]
NOTIC: [2] Illegal offset type D:\MyServer\Apache24\www\Think\Library\Think\Model.class.php 第 776 行.
INFO: [ view_parse ] --START--
INFO: [ template_filter ] --START--
INFO: Run Behavior\ContentReplaceBehavior [ RunTime:0.000256s ]
INFO: [ template_filter ] --END-- [ RunTime:0.000374s ]
NOTIC: [8] Undefined variable: username D:\MyServer\Apache24\www\Runtime\Cache\Home\66a85b9c43641ce1e8a7c20c65390ed7.php 第 56 行.
INFO: Run Behavior\ParseTemplateBehavior [ RunTime:0.013606s ]
INFO: [ view_parse ] --END-- [ RunTime:0.013651s ]
INFO: [ view_filter ] --START--
INFO: Run Behavior\WriteHtmlCacheBehavior [ RunTime:0.000375s ]
INFO: [ view_filter ] --END-- [ RunTime:0.000414s ]
INFO: [ app_end ] --START--
INFO: Run Behavior\ShowPageTraceBehavior [ RunTime:0.000809s ]
INFO: [ app_end ] --END-- [ RunTime:0.000860s ]

[ 2017-12-05T10:28:37+08:00 ] ::1 /index.php/Home/LoginHome/login
INFO: [ app_init ] --START--
INFO: Run Behavior\BuildLiteBehavior [ RunTime:0.000021s ]
INFO: [ app_init ] --END-- [ RunTime:0.000911s ]
INFO: [ app_begin ] --START--
INFO: Run Behavior\ReadHtmlCacheBehavior [ RunTime:0.000752s ]
INFO: [ app_begin ] --END-- [ RunTime:0.000797s ]
INFO: [ view_parse ] --START--
INFO: [ template_filter ] --START--
INFO: Run Behavior\ContentReplaceBehavior [ RunTime:0.000224s ]
INFO: [ template_filter ] --END-- [ RunTime:0.000278s ]
INFO: Run Behavior\ParseTemplateBehavior [ RunTime:0.015466s ]
INFO: [ view_parse ] --END-- [ RunTime:0.015523s ]
INFO: [ view_filter ] --START--
INFO: Run Behavior\WriteHtmlCacheBehavior [ RunTime:0.000491s ]
INFO: [ view_filter ] --END-- [ RunTime:0.000532s ]
INFO: [ app_end ] --START--
INFO: Run Behavior\ShowPageTraceBehavior [ RunTime:0.001022s ]
INFO: [ app_end ] --END-- [ RunTime:0.001087s ]

[ 2017-12-05T10:28:40+08:00 ] ::1 /index.php/Home/LoginHome/photographHome
INFO: [ app_init ] --START--
INFO: Run Behavior\BuildLiteBehavior [ RunTime:0.000013s ]
INFO: [ app_init ] --END-- [ RunTime:0.000442s ]
INFO: [ app_begin ] --START--
INFO: Run Behavior\ReadHtmlCacheBehavior [ RunTime:0.000566s ]
INFO: [ app_begin ] --END-- [ RunTime:0.000620s ]
ERR: Class 'Home\Controller\PDO' not found

[ 2017-12-05T10:30:58+08:00 ] ::1 /index.php/Home/LoginHome/photographHome
INFO: [ app_init ] --START--
INFO: Run Behavior\BuildLiteBehavior [ RunTime:0.000013s ]
INFO: [ app_init ] --END-- [ RunTime:0.000514s ]
INFO: [ app_begin ] --START--
INFO: Run Behavior\ReadHtmlCacheBehavior [ RunTime:0.001001s ]
INFO: [ app_begin ] --END-- [ RunTime:0.001058s ]
ERR: Class 'Home\Controller\SQLite3' not found

