[ 2017-11-14T19:08:01+08:00 ] ::1 /index.php/Home/LoginHome/__IMGUploads__/2017-11-05/59fe6b03ae2a7.jpg
INFO: [ app_init ] --START--
INFO: Run Behavior\BuildLiteBehavior [ RunTime:0.000021s ]
INFO: [ app_init ] --END-- [ RunTime:0.000864s ]

[ 2017-11-14T20:15:58+08:00 ] ::1 /index.php/Home/LoginHome/__MyIMG__//2017-11-14/5a0ac748a2c49.jpg
INFO: [ app_init ] --START--
INFO: Run Behavior\BuildLiteBehavior [ RunTime:0.000028s ]
INFO: [ app_init ] --END-- [ RunTime:0.001230s ]

[ 2017-11-14T20:16:27+08:00 ] ::1 /index.php/Home/LoginHome/__MyIMG__/2017-11-14/5a0ac748a2c49.jpg
INFO: [ app_init ] --START--
INFO: Run Behavior\BuildLiteBehavior [ RunTime:0.000032s ]
INFO: [ app_init ] --END-- [ RunTime:0.001178s ]

[ 2017-11-14T21:09:10+08:00 ] ::1 /index.php/Home/LoginHome/__MyPhoto__/2017-11-14/5a0ac748a2c49.jpg
INFO: [ app_init ] --START--
INFO: Run Behavior\BuildLiteBehavior [ RunTime:0.000032s ]
INFO: [ app_init ] --END-- [ RunTime:0.001352s ]

[ 2017-11-14T21:09:45+08:00 ] ::1 /index.php/Home/LoginHome/__MyPhoto__/2017-11-14/5a0ac748a2c49.jpg
INFO: [ app_init ] --START--
INFO: Run Behavior\BuildLiteBehavior [ RunTime:0.000030s ]
INFO: [ app_init ] --END-- [ RunTime:0.001296s ]

[ 2017-11-14T21:10:16+08:00 ] ::1 /index.php/Home/LoginHome/__MyPhoto__/2017-11-14/5a0ac748a2c49.jpg
INFO: [ app_init ] --START--
INFO: Run Behavior\BuildLiteBehavior [ RunTime:0.000033s ]
INFO: [ app_init ] --END-- [ RunTime:0.001776s ]

[ 2017-11-14T21:10:39+08:00 ] ::1 /index.php/Home/LoginHome/__MyPhoto__/2017-11-14/5a0ac748a2c49.jpg
INFO: [ app_init ] --START--
INFO: Run Behavior\BuildLiteBehavior [ RunTime:0.000020s ]
INFO: [ app_init ] --END-- [ RunTime:0.000871s ]

[ 2017-11-14T21:12:12+08:00 ] ::1 /index.php/Home/LoginHome/__MYIMG__/2017-11-14/5a0ac748a2c49.jpg
INFO: [ app_init ] --START--
INFO: Run Behavior\BuildLiteBehavior [ RunTime:0.000033s ]
INFO: [ app_init ] --END-- [ RunTime:0.001157s ]

[ 2017-11-14T21:24:38+08:00 ] ::1 /index.php/Home/LoginHome/__MYIMG__/2017-11-14/5a0ac748a2c49.jpg
INFO: [ app_init ] --START--
INFO: Run Behavior\BuildLiteBehavior [ RunTime:0.000040s ]
INFO: [ app_init ] --END-- [ RunTime:0.001759s ]

