[ 2017-11-01T15:54:21+08:00 ] ::1 /index.php/Home/LoginHome/assets/images/icon_128x128@2x.png
INFO: [ app_init ] --START--
INFO: Run Behavior\BuildLiteBehavior [ RunTime:0.000017s ]
INFO: [ app_init ] --END-- [ RunTime:0.000402s ]

[ 2017-11-01T15:54:33+08:00 ] ::1 /index.php/Home/LoginHome/favicon.ico
INFO: [ app_init ] --START--
INFO: Run Behavior\BuildLiteBehavior [ RunTime:0.000007s ]
INFO: [ app_init ] --END-- [ RunTime:0.000251s ]

[ 2017-11-01T15:54:33+08:00 ] ::1 /index.php/Home/LoginHome/assets/images/icon_128x128@2x.png
INFO: [ app_init ] --START--
INFO: Run Behavior\BuildLiteBehavior [ RunTime:0.000017s ]
INFO: [ app_init ] --END-- [ RunTime:0.000539s ]

[ 2017-11-01T18:23:56+08:00 ] ::1 /index.php/Home/LoginHome/assets/images/icon_128x128@2x.png
INFO: [ app_init ] --START--
INFO: Run Behavior\BuildLiteBehavior [ RunTime:0.000032s ]
INFO: [ app_init ] --END-- [ RunTime:0.001717s ]

[ 2017-11-01T18:23:57+08:00 ] ::1 /index.php/Home/LoginHome/favicon.ico
INFO: [ app_init ] --START--
INFO: Run Behavior\BuildLiteBehavior [ RunTime:0.000020s ]
INFO: [ app_init ] --END-- [ RunTime:0.000810s ]

[ 2017-11-01T18:33:54+08:00 ] ::1 /index.php/Home/LoginHome/assets/images/icon_128x128@2x.png
INFO: [ app_init ] --START--
INFO: Run Behavior\BuildLiteBehavior [ RunTime:0.000032s ]
INFO: [ app_init ] --END-- [ RunTime:0.001463s ]

[ 2017-11-01T22:20:20+08:00 ] ::1 /index.php/Home/LoginHome/images/icon/favicon.ico
INFO: [ app_init ] --START--
INFO: Run Behavior\BuildLiteBehavior [ RunTime:0.000022s ]
INFO: [ app_init ] --END-- [ RunTime:0.000867s ]

[ 2017-11-01T22:26:39+08:00 ] ::1 /index.php/Home/LoginHome/images/icon/favicon.ico
INFO: [ app_init ] --START--
INFO: Run Behavior\BuildLiteBehavior [ RunTime:0.000022s ]
INFO: [ app_init ] --END-- [ RunTime:0.001005s ]

