[ 2017-12-07T00:00:39+08:00 ] ::1 /index.php/Admin/LoginAdmin/userAdmin
INFO: [ app_init ] --START--
INFO: Run Behavior\BuildLiteBehavior [ RunTime:0.000013s ]
INFO: [ app_init ] --END-- [ RunTime:0.000509s ]
INFO: [ app_begin ] --START--
INFO: Run Behavior\ReadHtmlCacheBehavior [ RunTime:0.000741s ]
INFO: [ app_begin ] --END-- [ RunTime:0.000788s ]
SQL: SHOW COLUMNS FROM `think_login_home` [ RunTime:0.0643s ]
SQL: SELECT `username` FROM `think_login_home`  [ RunTime:0.0008s ]
SQL: SELECT `email` FROM `think_login_home`  [ RunTime:0.0006s ]
SQL: SELECT `wechat` FROM `think_login_home`  [ RunTime:0.0006s ]
SQL: SELECT `introduction` FROM `think_login_home`  [ RunTime:0.0006s ]
INFO: [ view_parse ] --START--
INFO: [ template_filter ] --START--
INFO: Run Behavior\ContentReplaceBehavior [ RunTime:0.000255s ]
INFO: [ template_filter ] --END-- [ RunTime:0.000341s ]
INFO: Run Behavior\ParseTemplateBehavior [ RunTime:0.023644s ]
INFO: [ view_parse ] --END-- [ RunTime:0.023744s ]
INFO: [ view_filter ] --START--
INFO: Run Behavior\WriteHtmlCacheBehavior [ RunTime:0.000853s ]
INFO: [ view_filter ] --END-- [ RunTime:0.000921s ]
INFO: [ app_end ] --START--
INFO: Run Behavior\ShowPageTraceBehavior [ RunTime:0.001974s ]
INFO: [ app_end ] --END-- [ RunTime:0.002089s ]

[ 2017-12-07T00:01:42+08:00 ] ::1 /index.php/Admin/LoginAdmin/userAdmin
INFO: [ app_init ] --START--
INFO: Run Behavior\BuildLiteBehavior [ RunTime:0.000023s ]
INFO: [ app_init ] --END-- [ RunTime:0.000947s ]
INFO: [ app_begin ] --START--
INFO: Run Behavior\ReadHtmlCacheBehavior [ RunTime:0.001387s ]
INFO: [ app_begin ] --END-- [ RunTime:0.001477s ]
SQL: SHOW COLUMNS FROM `think_login_home` [ RunTime:0.0751s ]
SQL: SELECT `username` FROM `think_login_home`  [ RunTime:0.0007s ]
SQL: SELECT `email` FROM `think_login_home`  [ RunTime:0.0006s ]
SQL: SELECT `wechat` FROM `think_login_home`  [ RunTime:0.0006s ]
SQL: SELECT `introduction` FROM `think_login_home`  [ RunTime:0.0006s ]
INFO: [ view_parse ] --START--
INFO: [ template_filter ] --START--
INFO: Run Behavior\ContentReplaceBehavior [ RunTime:0.000316s ]
INFO: [ template_filter ] --END-- [ RunTime:0.000411s ]
INFO: Run Behavior\ParseTemplateBehavior [ RunTime:0.023181s ]
INFO: [ view_parse ] --END-- [ RunTime:0.023289s ]
INFO: [ view_filter ] --START--
INFO: Run Behavior\WriteHtmlCacheBehavior [ RunTime:0.001086s ]
INFO: [ view_filter ] --END-- [ RunTime:0.001161s ]
INFO: [ app_end ] --START--
INFO: Run Behavior\ShowPageTraceBehavior [ RunTime:0.001775s ]
INFO: [ app_end ] --END-- [ RunTime:0.001887s ]

[ 2017-12-07T00:01:52+08:00 ] ::1 /index.php/Admin/LoginAdmin/userAdmin
INFO: [ app_init ] --START--
INFO: Run Behavior\BuildLiteBehavior [ RunTime:0.000038s ]
INFO: [ app_init ] --END-- [ RunTime:0.001280s ]
INFO: [ app_begin ] --START--
INFO: Run Behavior\ReadHtmlCacheBehavior [ RunTime:0.001138s ]
INFO: [ app_begin ] --END-- [ RunTime:0.001221s ]
SQL: SHOW COLUMNS FROM `think_login_home` [ RunTime:0.1969s ]
SQL: SELECT `username` FROM `think_login_home`  [ RunTime:0.0008s ]
SQL: SELECT `email` FROM `think_login_home`  [ RunTime:0.0009s ]
SQL: SELECT `wechat` FROM `think_login_home`  [ RunTime:0.0006s ]
SQL: SELECT `introduction` FROM `think_login_home`  [ RunTime:0.0006s ]
INFO: [ view_parse ] --START--
INFO: [ template_filter ] --START--
INFO: Run Behavior\ContentReplaceBehavior [ RunTime:0.000255s ]
INFO: [ template_filter ] --END-- [ RunTime:0.000345s ]
INFO: Run Behavior\ParseTemplateBehavior [ RunTime:0.021849s ]
INFO: [ view_parse ] --END-- [ RunTime:0.021950s ]
INFO: [ view_filter ] --START--
INFO: Run Behavior\WriteHtmlCacheBehavior [ RunTime:0.000607s ]
INFO: [ view_filter ] --END-- [ RunTime:0.000691s ]
INFO: [ app_end ] --START--
INFO: Run Behavior\ShowPageTraceBehavior [ RunTime:0.001925s ]
INFO: [ app_end ] --END-- [ RunTime:0.002101s ]

[ 2017-12-07T00:02:03+08:00 ] ::1 /index.php/Admin/LoginAdmin/userAdmin
INFO: [ app_init ] --START--
INFO: Run Behavior\BuildLiteBehavior [ RunTime:0.000021s ]
INFO: [ app_init ] --END-- [ RunTime:0.000833s ]
INFO: [ app_begin ] --START--
INFO: Run Behavior\ReadHtmlCacheBehavior [ RunTime:0.001107s ]
INFO: [ app_begin ] --END-- [ RunTime:0.001204s ]
SQL: SHOW COLUMNS FROM `think_login_home` [ RunTime:0.0529s ]
SQL: SELECT `username` FROM `think_login_home`  [ RunTime:0.0007s ]
SQL: SELECT `email` FROM `think_login_home`  [ RunTime:0.0007s ]
SQL: SELECT `wechat` FROM `think_login_home`  [ RunTime:0.0007s ]
SQL: SELECT `introduction` FROM `think_login_home`  [ RunTime:0.0006s ]
INFO: [ view_parse ] --START--
INFO: [ template_filter ] --START--
INFO: Run Behavior\ContentReplaceBehavior [ RunTime:0.000259s ]
INFO: [ template_filter ] --END-- [ RunTime:0.000344s ]
INFO: Run Behavior\ParseTemplateBehavior [ RunTime:0.021165s ]
INFO: [ view_parse ] --END-- [ RunTime:0.021260s ]
INFO: [ view_filter ] --START--
INFO: Run Behavior\WriteHtmlCacheBehavior [ RunTime:0.000609s ]
INFO: [ view_filter ] --END-- [ RunTime:0.000678s ]
INFO: [ app_end ] --START--
INFO: Run Behavior\ShowPageTraceBehavior [ RunTime:0.001510s ]
INFO: [ app_end ] --END-- [ RunTime:0.001674s ]

[ 2017-12-07T00:02:04+08:00 ] ::1 /index.php/Admin/LoginAdmin/userAdmin
INFO: [ app_init ] --START--
INFO: Run Behavior\BuildLiteBehavior [ RunTime:0.000020s ]
INFO: [ app_init ] --END-- [ RunTime:0.000802s ]
INFO: [ app_begin ] --START--
INFO: Run Behavior\ReadHtmlCacheBehavior [ RunTime:0.001290s ]
INFO: [ app_begin ] --END-- [ RunTime:0.001411s ]
SQL: SHOW COLUMNS FROM `think_login_home` [ RunTime:0.0037s ]
SQL: SELECT `username` FROM `think_login_home`  [ RunTime:0.0008s ]
SQL: SELECT `email` FROM `think_login_home`  [ RunTime:0.0007s ]
SQL: SELECT `wechat` FROM `think_login_home`  [ RunTime:0.0007s ]
SQL: SELECT `introduction` FROM `think_login_home`  [ RunTime:0.0014s ]
INFO: [ view_parse ] --START--
INFO: [ template_filter ] --START--
INFO: Run Behavior\ContentReplaceBehavior [ RunTime:0.000239s ]
INFO: [ template_filter ] --END-- [ RunTime:0.000329s ]
INFO: Run Behavior\ParseTemplateBehavior [ RunTime:0.021908s ]
INFO: [ view_parse ] --END-- [ RunTime:0.022007s ]
INFO: [ view_filter ] --START--
INFO: Run Behavior\WriteHtmlCacheBehavior [ RunTime:0.000599s ]
INFO: [ view_filter ] --END-- [ RunTime:0.000666s ]
INFO: [ app_end ] --START--
INFO: Run Behavior\ShowPageTraceBehavior [ RunTime:0.001515s ]
INFO: [ app_end ] --END-- [ RunTime:0.001627s ]

[ 2017-12-07T00:02:09+08:00 ] ::1 /index.php/Admin/LoginAdmin/userAdmin
INFO: [ app_init ] --START--
INFO: Run Behavior\BuildLiteBehavior [ RunTime:0.000021s ]
INFO: [ app_init ] --END-- [ RunTime:0.000813s ]
INFO: [ app_begin ] --START--
INFO: Run Behavior\ReadHtmlCacheBehavior [ RunTime:0.001107s ]
INFO: [ app_begin ] --END-- [ RunTime:0.001188s ]
SQL: SHOW COLUMNS FROM `think_login_home` [ RunTime:0.0527s ]
SQL: SELECT `username` FROM `think_login_home`  [ RunTime:0.0008s ]
SQL: SELECT `email` FROM `think_login_home`  [ RunTime:0.0006s ]
SQL: SELECT `wechat` FROM `think_login_home`  [ RunTime:0.0007s ]
SQL: SELECT `introduction` FROM `think_login_home`  [ RunTime:0.0006s ]
INFO: [ view_parse ] --START--
INFO: [ template_filter ] --START--
INFO: Run Behavior\ContentReplaceBehavior [ RunTime:0.000236s ]
INFO: [ template_filter ] --END-- [ RunTime:0.000317s ]
INFO: Run Behavior\ParseTemplateBehavior [ RunTime:0.021495s ]
INFO: [ view_parse ] --END-- [ RunTime:0.021591s ]
INFO: [ view_filter ] --START--
INFO: Run Behavior\WriteHtmlCacheBehavior [ RunTime:0.000591s ]
INFO: [ view_filter ] --END-- [ RunTime:0.000660s ]
INFO: [ app_end ] --START--
INFO: Run Behavior\ShowPageTraceBehavior [ RunTime:0.001510s ]
INFO: [ app_end ] --END-- [ RunTime:0.001622s ]

